<?xml version="1.0" encoding="UTF-8"?>
<!-- Generated by org.testng.reporters.JUnitXMLReporter -->
<testsuite ignored="1" hostname="Souvik" failures="0" tests="1" name="Error Validation Test" time="9.685" errors="0" timestamp="2024-06-11T12:47:06 IST">
  <testcase classname="rahulshettyacademy.Tests.ErrorValidations" name="loginErrorValidation" time="1.068"/>
  <testcase classname="rahulshettyacademy.Tests.ErrorValidations" name="productErrorValidation" time="0.0">
    <ignored/>
  </testcase> <!-- productErrorValidation -->
</testsuite> <!-- Error Validation Test -->
